<?xml version="1.0" encoding="utf-8"?>
<coverage line-rate="0.7892" branch-rate="0.7678" version="1.9" timestamp="1756009792" lines-covered="663" lines-valid="840" branches-covered="86" branches-valid="112">
  <sources>
    <source>/workspace/src/</source>
  </sources>
  <packages>
    <package name="GameCore.Domain" line-rate="0.8518000000000001" branch-rate="1" complexity="27">
      <classes>
        <class name="GameCore.Domain.Interfaces.AuthResult" filename="GameCore.Domain/Interfaces/IAuthService.cs" line-rate="1" branch-rate="1" complexity="4">
          <methods>
            <method name="get_Success" signature="()" line-rate="1" branch-rate="1" complexity="1">
              <lines>
                <line number="12" hits="154" branch="False" />
              </lines>
            </method>
            <method name="get_Token" signature="()" line-rate="1" branch-rate="1" complexity="1">
              <lines>
                <line number="13" hits="142" branch="False" />
              </lines>
            </method>
            <method name="get_ErrorMessage" signature="()" line-rate="1" branch-rate="1" complexity="1">
              <lines>
                <line number="14" hits="20" branch="False" />
              </lines>
            </method>
            <method name="get_User" signature="()" line-rate="1" branch-rate="1" complexity="1">
              <lines>
                <line number="15" hits="474" branch="False" />
              </lines>
            </method>
          </methods>
          <lines>
            <line number="12" hits="154" branch="False" />
            <line number="13" hits="142" branch="False" />
            <line number="14" hits="20" branch="False" />
            <line number="15" hits="474" branch="False" />
          </lines>
        </class>
        <class name="GameCore.Domain.Interfaces.UserProfile" filename="GameCore.Domain/Interfaces/IAuthService.cs" line-rate="1" branch-rate="1" complexity="6">
          <methods>
            <method name="get_UserId" signature="()" line-rate="1" branch-rate="1" complexity="1">
              <lines>
                <line number="20" hits="136" branch="False" />
              </lines>
            </method>
            <method name="get_Username" signature="()" line-rate="1" branch-rate="1" complexity="1">
              <lines>
                <line number="21" hits="209" branch="False" />
              </lines>
            </method>
            <method name="get_Email" signature="()" line-rate="1" branch-rate="1" complexity="1">
              <lines>
                <line number="22" hits="209" branch="False" />
              </lines>
            </method>
            <method name="get_Balance" signature="()" line-rate="1" branch-rate="1" complexity="1">
              <lines>
                <line number="23" hits="137" branch="False" />
              </lines>
            </method>
            <method name="get_CreatedAt" signature="()" line-rate="1" branch-rate="1" complexity="1">
              <lines>
                <line number="24" hits="135" branch="False" />
              </lines>
            </method>
            <method name="get_LastLoginAt" signature="()" line-rate="1" branch-rate="1" complexity="1">
              <lines>
                <line number="25" hits="135" branch="False" />
              </lines>
            </method>
          </methods>
          <lines>
            <line number="20" hits="136" branch="False" />
            <line number="21" hits="209" branch="False" />
            <line number="22" hits="209" branch="False" />
            <line number="23" hits="137" branch="False" />
            <line number="24" hits="135" branch="False" />
            <line number="25" hits="135" branch="False" />
          </lines>
        </class>
        <class name="GameCore.Domain.Entities.User" filename="GameCore.Domain/Entities/User.cs" line-rate="0.7272" branch-rate="1" complexity="11">
          <methods>
            <method name="get_UserId" signature="()" line-rate="1" branch-rate="1" complexity="1">
              <lines>
                <line number="10" hits="349" branch="False" />
              </lines>
            </method>
            <method name="get_Username" signature="()" line-rate="1" branch-rate="1" complexity="1">
              <lines>
                <line number="14" hits="420" branch="False" />
              </lines>
            </method>
            <method name="get_Email" signature="()" line-rate="1" branch-rate="1" complexity="1">
              <lines>
                <line number="18" hits="348" branch="False" />
              </lines>
            </method>
            <method name="get_PasswordHash" signature="()" line-rate="1" branch-rate="1" complexity="1">
              <lines>
                <line number="22" hits="145" branch="False" />
              </lines>
            </method>
            <method name="get_PhoneNumber" signature="()" line-rate="0" branch-rate="1" complexity="1">
              <lines>
                <line number="25" hits="0" branch="False" />
              </lines>
            </method>
            <method name="get_AvatarUrl" signature="()" line-rate="0" branch-rate="1" complexity="1">
              <lines>
                <line number="28" hits="0" branch="False" />
              </lines>
            </method>
            <method name="get_CreatedAt" signature="()" line-rate="1" branch-rate="1" complexity="1">
              <lines>
                <line number="30" hits="212" branch="False" />
              </lines>
            </method>
            <method name="get_LastLoginAt" signature="()" line-rate="1" branch-rate="1" complexity="1">
              <lines>
                <line number="32" hits="76" branch="False" />
              </lines>
            </method>
            <method name="get_IsActive" signature="()" line-rate="1" branch-rate="1" complexity="1">
              <lines>
                <line number="34" hits="146" branch="False" />
              </lines>
            </method>
            <method name="get_IsEmailVerified" signature="()" line-rate="1" branch-rate="1" complexity="1">
              <lines>
                <line number="36" hits="75" branch="False" />
              </lines>
            </method>
            <method name="get_Wallet" signature="()" line-rate="0" branch-rate="1" complexity="1">
              <lines>
                <line number="39" hits="0" branch="False" />
              </lines>
            </method>
          </methods>
          <lines>
            <line number="10" hits="349" branch="False" />
            <line number="14" hits="420" branch="False" />
            <line number="18" hits="348" branch="False" />
            <line number="22" hits="145" branch="False" />
            <line number="25" hits="0" branch="False" />
            <line number="28" hits="0" branch="False" />
            <line number="30" hits="212" branch="False" />
            <line number="32" hits="76" branch="False" />
            <line number="34" hits="146" branch="False" />
            <line number="36" hits="75" branch="False" />
            <line number="39" hits="0" branch="False" />
          </lines>
        </class>
        <class name="GameCore.Domain.Entities.UserWallet" filename="GameCore.Domain/Entities/UserWallet.cs" line-rate="0.8332999999999999" branch-rate="1" complexity="6">
          <methods>
            <method name="get_WalletId" signature="()" line-rate="0" branch-rate="1" complexity="1">
              <lines>
                <line number="10" hits="0" branch="False" />
              </lines>
            </method>
            <method name="get_UserId" signature="()" line-rate="1" branch-rate="1" complexity="1">
              <lines>
                <line number="13" hits="67" branch="False" />
              </lines>
            </method>
            <method name="get_Balance" signature="()" line-rate="1" branch-rate="1" complexity="1">
              <lines>
                <line number="17" hits="201" branch="False" />
              </lines>
            </method>
            <method name="get_CreatedAt" signature="()" line-rate="1" branch-rate="1" complexity="1">
              <lines>
                <line number="19" hits="134" branch="False" />
              </lines>
            </method>
            <method name="get_UpdatedAt" signature="()" line-rate="1" branch-rate="1" complexity="1">
              <lines>
                <line number="21" hits="134" branch="False" />
              </lines>
            </method>
            <method name="get_User" signature="()" line-rate="1" branch-rate="1" complexity="1">
              <lines>
                <line number="25" hits="67" branch="False" />
              </lines>
            </method>
          </methods>
          <lines>
            <line number="10" hits="0" branch="False" />
            <line number="13" hits="67" branch="False" />
            <line number="17" hits="201" branch="False" />
            <line number="19" hits="134" branch="False" />
            <line number="21" hits="134" branch="False" />
            <line number="25" hits="67" branch="False" />
          </lines>
        </class>
      </classes>
    </package>
    <package name="GameCore.Infrastructure" line-rate="0.6833" branch-rate="0.25" complexity="21">
      <classes>
        <class name="GameCore.Infrastructure.Repositories.UserRepository" filename="GameCore.Infrastructure/Repositories/UserRepository.cs" line-rate="1" branch-rate="1" complexity="1">
          <methods>
            <method name=".ctor" signature="(GameCore.Infrastructure.Data.GameCoreDbContext,Microsoft.Extensions.Logging.ILogger`1&lt;GameCore.Infrastructure.Repositories.UserRepository&gt;)" line-rate="1" branch-rate="1" complexity="1">
              <lines>
                <line number="17" hits="69" branch="False" />
                <line number="18" hits="69" branch="False" />
                <line number="19" hits="69" branch="False" />
                <line number="20" hits="69" branch="False" />
                <line number="21" hits="69" branch="False" />
              </lines>
            </method>
          </methods>
          <lines>
            <line number="17" hits="69" branch="False" />
            <line number="18" hits="69" branch="False" />
            <line number="19" hits="69" branch="False" />
            <line number="20" hits="69" branch="False" />
            <line number="21" hits="69" branch="False" />
          </lines>
        </class>
        <class name="GameCore.Infrastructure.Repositories.UserRepository/&lt;CreateAsync&gt;d__6" filename="GameCore.Infrastructure/Repositories/UserRepository.cs" line-rate="1" branch-rate="1" complexity="1">
          <methods>
            <method name="MoveNext" signature="()" line-rate="1" branch-rate="1" complexity="1">
              <lines>
                <line number="54" hits="65" branch="False" />
                <line number="55" hits="65" branch="False" />
                <line number="57" hits="65" branch="False" />
                <line number="58" hits="65" branch="False" />
                <line number="60" hits="65" branch="False" />
                <line number="61" hits="65" branch="False" />
                <line number="62" hits="65" branch="False" />
              </lines>
            </method>
          </methods>
          <lines>
            <line number="54" hits="65" branch="False" />
            <line number="55" hits="65" branch="False" />
            <line number="57" hits="65" branch="False" />
            <line number="58" hits="65" branch="False" />
            <line number="60" hits="65" branch="False" />
            <line number="61" hits="65" branch="False" />
            <line number="62" hits="65" branch="False" />
          </lines>
        </class>
        <class name="GameCore.Infrastructure.Repositories.UserRepository/&lt;ExistsByEmailAsync&gt;d__9" filename="GameCore.Infrastructure/Repositories/UserRepository.cs" line-rate="1" branch-rate="1" complexity="1">
          <methods>
            <method name="MoveNext" signature="()" line-rate="1" branch-rate="1" complexity="1">
              <lines>
                <line number="85" hits="65" branch="False" />
                <line number="86" hits="65" branch="False" />
                <line number="88" hits="65" branch="False" />
                <line number="89" hits="65" branch="False" />
                <line number="90" hits="65" branch="False" />
                <line number="91" hits="65" branch="False" />
              </lines>
            </method>
          </methods>
          <lines>
            <line number="85" hits="65" branch="False" />
            <line number="86" hits="65" branch="False" />
            <line number="88" hits="65" branch="False" />
            <line number="89" hits="65" branch="False" />
            <line number="90" hits="65" branch="False" />
            <line number="91" hits="65" branch="False" />
          </lines>
        </class>
        <class name="GameCore.Infrastructure.Repositories.UserRepository/&lt;ExistsByUsernameAsync&gt;d__8" filename="GameCore.Infrastructure/Repositories/UserRepository.cs" line-rate="1" branch-rate="1" complexity="1">
          <methods>
            <method name="MoveNext" signature="()" line-rate="1" branch-rate="1" complexity="1">
              <lines>
                <line number="76" hits="65" branch="False" />
                <line number="77" hits="65" branch="False" />
                <line number="79" hits="65" branch="False" />
                <line number="80" hits="65" branch="False" />
                <line number="81" hits="65" branch="False" />
                <line number="82" hits="65" branch="False" />
              </lines>
            </method>
          </methods>
          <lines>
            <line number="76" hits="65" branch="False" />
            <line number="77" hits="65" branch="False" />
            <line number="79" hits="65" branch="False" />
            <line number="80" hits="65" branch="False" />
            <line number="81" hits="65" branch="False" />
            <line number="82" hits="65" branch="False" />
          </lines>
        </class>
        <class name="GameCore.Infrastructure.Repositories.UserRepository/&lt;GetByEmailAsync&gt;d__5" filename="GameCore.Infrastructure/Repositories/UserRepository.cs" line-rate="0" branch-rate="1" complexity="1">
          <methods>
            <method name="MoveNext" signature="()" line-rate="0" branch-rate="1" complexity="1">
              <lines>
                <line number="44" hits="0" branch="False" />
                <line number="45" hits="0" branch="False" />
                <line number="47" hits="0" branch="False" />
                <line number="48" hits="0" branch="False" />
                <line number="49" hits="0" branch="False" />
                <line number="50" hits="0" branch="False" />
                <line number="51" hits="0" branch="False" />
              </lines>
            </method>
          </methods>
          <lines>
            <line number="44" hits="0" branch="False" />
            <line number="45" hits="0" branch="False" />
            <line number="47" hits="0" branch="False" />
            <line number="48" hits="0" branch="False" />
            <line number="49" hits="0" branch="False" />
            <line number="50" hits="0" branch="False" />
            <line number="51" hits="0" branch="False" />
          </lines>
        </class>
        <class name="GameCore.Infrastructure.Repositories.UserRepository/&lt;GetByIdAsync&gt;d__3" filename="GameCore.Infrastructure/Repositories/UserRepository.cs" line-rate="1" branch-rate="1" complexity="1">
          <methods>
            <method name="MoveNext" signature="()" line-rate="1" branch-rate="1" complexity="1">
              <lines>
                <line number="24" hits="1" branch="False" />
                <line number="25" hits="1" branch="False" />
                <line number="27" hits="1" branch="False" />
                <line number="28" hits="1" branch="False" />
                <line number="29" hits="1" branch="False" />
                <line number="30" hits="1" branch="False" />
                <line number="31" hits="1" branch="False" />
              </lines>
            </method>
          </methods>
          <lines>
            <line number="24" hits="1" branch="False" />
            <line number="25" hits="1" branch="False" />
            <line number="27" hits="1" branch="False" />
            <line number="28" hits="1" branch="False" />
            <line number="29" hits="1" branch="False" />
            <line number="30" hits="1" branch="False" />
            <line number="31" hits="1" branch="False" />
          </lines>
        </class>
        <class name="GameCore.Infrastructure.Repositories.UserRepository/&lt;GetByUsernameAsync&gt;d__4" filename="GameCore.Infrastructure/Repositories/UserRepository.cs" line-rate="1" branch-rate="1" complexity="1">
          <methods>
            <method name="MoveNext" signature="()" line-rate="1" branch-rate="1" complexity="1">
              <lines>
                <line number="34" hits="2" branch="False" />
                <line number="35" hits="2" branch="False" />
                <line number="37" hits="2" branch="False" />
                <line number="38" hits="2" branch="False" />
                <line number="39" hits="2" branch="False" />
                <line number="40" hits="2" branch="False" />
                <line number="41" hits="2" branch="False" />
              </lines>
            </method>
          </methods>
          <lines>
            <line number="34" hits="2" branch="False" />
            <line number="35" hits="2" branch="False" />
            <line number="37" hits="2" branch="False" />
            <line number="38" hits="2" branch="False" />
            <line number="39" hits="2" branch="False" />
            <line number="40" hits="2" branch="False" />
            <line number="41" hits="2" branch="False" />
          </lines>
        </class>
        <class name="GameCore.Infrastructure.Repositories.UserRepository/&lt;GetByUsernameForLoginAsync&gt;d__10" filename="GameCore.Infrastructure/Repositories/UserRepository.cs" line-rate="0" branch-rate="1" complexity="1">
          <methods>
            <method name="MoveNext" signature="()" line-rate="0" branch-rate="1" complexity="1">
              <lines>
                <line number="97" hits="0" branch="False" />
                <line number="98" hits="0" branch="False" />
                <line number="100" hits="0" branch="False" />
                <line number="101" hits="0" branch="False" />
                <line number="102" hits="0" branch="False" />
                <line number="103" hits="0" branch="False" />
              </lines>
            </method>
          </methods>
          <lines>
            <line number="97" hits="0" branch="False" />
            <line number="98" hits="0" branch="False" />
            <line number="100" hits="0" branch="False" />
            <line number="101" hits="0" branch="False" />
            <line number="102" hits="0" branch="False" />
            <line number="103" hits="0" branch="False" />
          </lines>
        </class>
        <class name="GameCore.Infrastructure.Repositories.UserRepository/&lt;UpdateAsync&gt;d__7" filename="GameCore.Infrastructure/Repositories/UserRepository.cs" line-rate="0" branch-rate="1" complexity="1">
          <methods>
            <method name="MoveNext" signature="()" line-rate="0" branch-rate="1" complexity="1">
              <lines>
                <line number="65" hits="0" branch="False" />
                <line number="66" hits="0" branch="False" />
                <line number="68" hits="0" branch="False" />
                <line number="69" hits="0" branch="False" />
                <line number="71" hits="0" branch="False" />
                <line number="72" hits="0" branch="False" />
                <line number="73" hits="0" branch="False" />
              </lines>
            </method>
          </methods>
          <lines>
            <line number="65" hits="0" branch="False" />
            <line number="66" hits="0" branch="False" />
            <line number="68" hits="0" branch="False" />
            <line number="69" hits="0" branch="False" />
            <line number="71" hits="0" branch="False" />
            <line number="72" hits="0" branch="False" />
            <line number="73" hits="0" branch="False" />
          </lines>
        </class>
        <class name="GameCore.Infrastructure.Repositories.UserWalletRepository" filename="GameCore.Infrastructure/Repositories/UserWalletRepository.cs" line-rate="1" branch-rate="1" complexity="1">
          <methods>
            <method name=".ctor" signature="(GameCore.Infrastructure.Data.GameCoreDbContext)" line-rate="1" branch-rate="1" complexity="1">
              <lines>
                <line number="12" hits="69" branch="False" />
                <line number="13" hits="69" branch="False" />
                <line number="14" hits="69" branch="False" />
                <line number="15" hits="69" branch="False" />
              </lines>
            </method>
          </methods>
          <lines>
            <line number="12" hits="69" branch="False" />
            <line number="13" hits="69" branch="False" />
            <line number="14" hits="69" branch="False" />
            <line number="15" hits="69" branch="False" />
          </lines>
        </class>
        <class name="GameCore.Infrastructure.Repositories.UserWalletRepository/&lt;CreateAsync&gt;d__3" filename="GameCore.Infrastructure/Repositories/UserWalletRepository.cs" line-rate="1" branch-rate="1" complexity="1">
          <methods>
            <method name="MoveNext" signature="()" line-rate="1" branch-rate="1" complexity="1">
              <lines>
                <line number="24" hits="65" branch="False" />
                <line number="25" hits="65" branch="False" />
                <line number="26" hits="65" branch="False" />
                <line number="27" hits="65" branch="False" />
                <line number="28" hits="65" branch="False" />
              </lines>
            </method>
          </methods>
          <lines>
            <line number="24" hits="65" branch="False" />
            <line number="25" hits="65" branch="False" />
            <line number="26" hits="65" branch="False" />
            <line number="27" hits="65" branch="False" />
            <line number="28" hits="65" branch="False" />
          </lines>
        </class>
        <class name="GameCore.Infrastructure.Repositories.UserWalletRepository/&lt;GetBalanceAsync&gt;d__5" filename="GameCore.Infrastructure/Repositories/UserWalletRepository.cs" line-rate="0" branch-rate="0" complexity="2">
          <methods>
            <method name="MoveNext" signature="()" line-rate="0" branch-rate="0" complexity="2">
              <lines>
                <line number="39" hits="0" branch="False" />
                <line number="40" hits="0" branch="False" />
                <line number="41" hits="0" branch="False" />
                <line number="42" hits="0" branch="True" condition-coverage="0% (0/2)">
                  <conditions>
                    <condition number="297" type="jump" coverage="0%" />
                  </conditions>
                </line>
                <line number="43" hits="0" branch="False" />
              </lines>
            </method>
          </methods>
          <lines>
            <line number="39" hits="0" branch="False" />
            <line number="40" hits="0" branch="False" />
            <line number="41" hits="0" branch="False" />
            <line number="42" hits="0" branch="True" condition-coverage="0% (0/2)">
              <conditions>
                <condition number="297" type="jump" coverage="0%" />
              </conditions>
            </line>
            <line number="43" hits="0" branch="False" />
          </lines>
        </class>
        <class name="GameCore.Infrastructure.Repositories.UserWalletRepository/&lt;GetByUserIdAsync&gt;d__2" filename="GameCore.Infrastructure/Repositories/UserWalletRepository.cs" line-rate="0" branch-rate="1" complexity="1">
          <methods>
            <method name="MoveNext" signature="()" line-rate="0" branch-rate="1" complexity="1">
              <lines>
                <line number="18" hits="0" branch="False" />
                <line number="19" hits="0" branch="False" />
                <line number="20" hits="0" branch="False" />
                <line number="21" hits="0" branch="False" />
              </lines>
            </method>
          </methods>
          <lines>
            <line number="18" hits="0" branch="False" />
            <line number="19" hits="0" branch="False" />
            <line number="20" hits="0" branch="False" />
            <line number="21" hits="0" branch="False" />
          </lines>
        </class>
        <class name="GameCore.Infrastructure.Repositories.UserWalletRepository/&lt;UpdateAsync&gt;d__4" filename="GameCore.Infrastructure/Repositories/UserWalletRepository.cs" line-rate="0" branch-rate="1" complexity="1">
          <methods>
            <method name="MoveNext" signature="()" line-rate="0" branch-rate="1" complexity="1">
              <lines>
                <line number="31" hits="0" branch="False" />
                <line number="32" hits="0" branch="False" />
                <line number="33" hits="0" branch="False" />
                <line number="34" hits="0" branch="False" />
                <line number="35" hits="0" branch="False" />
                <line number="36" hits="0" branch="False" />
              </lines>
            </method>
          </methods>
          <lines>
            <line number="31" hits="0" branch="False" />
            <line number="32" hits="0" branch="False" />
            <line number="33" hits="0" branch="False" />
            <line number="34" hits="0" branch="False" />
            <line number="35" hits="0" branch="False" />
            <line number="36" hits="0" branch="False" />
          </lines>
        </class>
        <class name="GameCore.Infrastructure.Data.GameCoreDbContext" filename="GameCore.Infrastructure/Data/GameCoreDbContext.cs" line-rate="0.9209999999999999" branch-rate="0.5" complexity="6">
          <methods>
            <method name="get_Users" signature="()" line-rate="1" branch-rate="1" complexity="1">
              <lines>
                <line number="13" hits="275" branch="False" />
              </lines>
            </method>
            <method name="get_UserWallets" signature="()" line-rate="1" branch-rate="1" complexity="1">
              <lines>
                <line number="14" hits="142" branch="False" />
              </lines>
            </method>
            <method name="OnModelCreating" signature="(Microsoft.EntityFrameworkCore.ModelBuilder)" line-rate="1" branch-rate="1" complexity="1">
              <lines>
                <line number="17" hits="2" branch="False" />
                <line number="18" hits="2" branch="False" />
                <line number="21" hits="2" branch="False" />
                <line number="22" hits="2" branch="False" />
                <line number="23" hits="2" branch="False" />
                <line number="24" hits="2" branch="False" />
                <line number="25" hits="2" branch="False" />
                <line number="26" hits="2" branch="False" />
                <line number="27" hits="2" branch="False" />
                <line number="28" hits="2" branch="False" />
                <line number="29" hits="2" branch="False" />
                <line number="30" hits="2" branch="False" />
                <line number="31" hits="2" branch="False" />
                <line number="32" hits="2" branch="False" />
                <line number="33" hits="4" branch="False" />
                <line number="36" hits="2" branch="False" />
                <line number="37" hits="2" branch="False" />
                <line number="38" hits="2" branch="False" />
                <line number="39" hits="2" branch="False" />
                <line number="40" hits="2" branch="False" />
                <line number="41" hits="2" branch="False" />
                <line number="42" hits="2" branch="False" />
                <line number="43" hits="2" branch="False" />
                <line number="44" hits="2" branch="False" />
                <line number="45" hits="2" branch="False" />
                <line number="46" hits="4" branch="False" />
                <line number="47" hits="2" branch="False" />
              </lines>
            </method>
            <method name="OnConfiguring" signature="(Microsoft.EntityFrameworkCore.DbContextOptionsBuilder)" line-rate="0.5" branch-rate="0.5" complexity="2">
              <lines>
                <line number="50" hits="76" branch="False" />
                <line number="51" hits="76" branch="True" condition-coverage="50% (1/2)">
                  <conditions>
                    <condition number="12" type="jump" coverage="50%" />
                  </conditions>
                </line>
                <line number="52" hits="0" branch="False" />
                <line number="53" hits="0" branch="False" />
                <line number="54" hits="0" branch="False" />
                <line number="55" hits="76" branch="False" />
              </lines>
            </method>
            <method name=".ctor" signature="(Microsoft.EntityFrameworkCore.DbContextOptions`1&lt;GameCore.Infrastructure.Data.GameCoreDbContext&gt;)" line-rate="1" branch-rate="1" complexity="1">
              <lines>
                <line number="8" hits="77" branch="False" />
                <line number="9" hits="77" branch="False" />
                <line number="10" hits="77" branch="False" />
              </lines>
            </method>
          </methods>
          <lines>
            <line number="13" hits="275" branch="False" />
            <line number="14" hits="142" branch="False" />
            <line number="17" hits="2" branch="False" />
            <line number="18" hits="2" branch="False" />
            <line number="21" hits="2" branch="False" />
            <line number="22" hits="2" branch="False" />
            <line number="23" hits="2" branch="False" />
            <line number="24" hits="2" branch="False" />
            <line number="25" hits="2" branch="False" />
            <line number="26" hits="2" branch="False" />
            <line number="27" hits="2" branch="False" />
            <line number="28" hits="2" branch="False" />
            <line number="29" hits="2" branch="False" />
            <line number="30" hits="2" branch="False" />
            <line number="31" hits="2" branch="False" />
            <line number="32" hits="2" branch="False" />
            <line number="33" hits="4" branch="False" />
            <line number="36" hits="2" branch="False" />
            <line number="37" hits="2" branch="False" />
            <line number="38" hits="2" branch="False" />
            <line number="39" hits="2" branch="False" />
            <line number="40" hits="2" branch="False" />
            <line number="41" hits="2" branch="False" />
            <line number="42" hits="2" branch="False" />
            <line number="43" hits="2" branch="False" />
            <line number="44" hits="2" branch="False" />
            <line number="45" hits="2" branch="False" />
            <line number="46" hits="4" branch="False" />
            <line number="47" hits="2" branch="False" />
            <line number="50" hits="76" branch="False" />
            <line number="51" hits="76" branch="True" condition-coverage="50% (1/2)">
              <conditions>
                <condition number="12" type="jump" coverage="50%" />
              </conditions>
            </line>
            <line number="52" hits="0" branch="False" />
            <line number="53" hits="0" branch="False" />
            <line number="54" hits="0" branch="False" />
            <line number="55" hits="76" branch="False" />
            <line number="8" hits="77" branch="False" />
            <line number="9" hits="77" branch="False" />
            <line number="10" hits="77" branch="False" />
          </lines>
        </class>
      </classes>
    </package>
    <package name="GameCore.Api" line-rate="0.8051" branch-rate="0.787" complexity="164">
      <classes>
        <class name="Program" filename="GameCore.Api/Program.cs" line-rate="1" branch-rate="1" complexity="2">
          <methods>
            <method name="&lt;Main&gt;$" signature="(System.String[])" line-rate="1" branch-rate="1" complexity="2">
              <lines>
                <line number="13" hits="8" branch="False" />
                <line number="16" hits="8" branch="False" />
                <line number="17" hits="8" branch="False" />
                <line number="18" hits="8" branch="False" />
                <line number="19" hits="8" branch="False" />
                <line number="20" hits="8" branch="False" />
                <line number="21" hits="8" branch="False" />
                <line number="23" hits="8" branch="False" />
                <line number="26" hits="8" branch="False" />
                <line number="27" hits="8" branch="False" />
                <line number="28" hits="8" branch="False" />
                <line number="29" hits="8" branch="False" />
                <line number="30" hits="8" branch="False" />
                <line number="31" hits="8" branch="False" />
                <line number="32" hits="8" branch="False" />
                <line number="33" hits="8" branch="False" />
                <line number="34" hits="8" branch="False" />
                <line number="35" hits="8" branch="False" />
                <line number="36" hits="8" branch="False" />
                <line number="37" hits="8" branch="False" />
                <line number="38" hits="8" branch="False" />
                <line number="39" hits="8" branch="False" />
                <line number="40" hits="8" branch="False" />
                <line number="41" hits="8" branch="False" />
                <line number="42" hits="8" branch="False" />
                <line number="43" hits="8" branch="False" />
                <line number="44" hits="8" branch="False" />
                <line number="45" hits="8" branch="False" />
                <line number="46" hits="8" branch="False" />
                <line number="47" hits="8" branch="False" />
                <line number="48" hits="8" branch="False" />
                <line number="49" hits="8" branch="False" />
                <line number="50" hits="8" branch="False" />
                <line number="51" hits="8" branch="False" />
                <line number="52" hits="8" branch="False" />
                <line number="53" hits="8" branch="False" />
                <line number="54" hits="8" branch="False" />
                <line number="55" hits="8" branch="False" />
                <line number="56" hits="16" branch="False" />
                <line number="59" hits="8" branch="False" />
                <line number="60" hits="8" branch="False" />
                <line number="63" hits="8" branch="False" />
                <line number="64" hits="8" branch="False" />
                <line number="65" hits="8" branch="False" />
                <line number="66" hits="8" branch="False" />
                <line number="67" hits="8" branch="False" />
                <line number="68" hits="8" branch="False" />
                <line number="69" hits="8" branch="False" />
                <line number="70" hits="8" branch="False" />
                <line number="71" hits="8" branch="False" />
                <line number="72" hits="8" branch="False" />
                <line number="73" hits="8" branch="False" />
                <line number="74" hits="8" branch="False" />
                <line number="75" hits="8" branch="False" />
                <line number="76" hits="8" branch="False" />
                <line number="77" hits="16" branch="False" />
                <line number="79" hits="8" branch="False" />
                <line number="82" hits="8" branch="False" />
                <line number="83" hits="8" branch="False" />
                <line number="84" hits="8" branch="False" />
                <line number="85" hits="8" branch="False" />
                <line number="88" hits="8" branch="False" />
                <line number="89" hits="8" branch="False" />
                <line number="90" hits="8" branch="False" />
                <line number="91" hits="8" branch="False" />
                <line number="92" hits="8" branch="False" />
                <line number="93" hits="8" branch="False" />
                <line number="94" hits="8" branch="False" />
                <line number="95" hits="8" branch="False" />
                <line number="96" hits="16" branch="False" />
                <line number="97" hits="16" branch="False" />
                <line number="100" hits="8" branch="False" />
                <line number="101" hits="8" branch="False" />
                <line number="103" hits="8" branch="False" />
                <line number="106" hits="8" branch="True" condition-coverage="100% (2/2)">
                  <conditions>
                    <condition number="527" type="jump" coverage="100%" />
                  </conditions>
                </line>
                <line number="107" hits="8" branch="False" />
                <line number="108" hits="8" branch="False" />
                <line number="109" hits="8" branch="False" />
                <line number="110" hits="8" branch="False" />
                <line number="111" hits="8" branch="False" />
                <line number="112" hits="8" branch="False" />
                <line number="113" hits="16" branch="False" />
                <line number="114" hits="8" branch="False" />
                <line number="116" hits="8" branch="False" />
                <line number="117" hits="8" branch="False" />
                <line number="120" hits="8" branch="False" />
                <line number="121" hits="8" branch="False" />
                <line number="122" hits="8" branch="False" />
                <line number="123" hits="8" branch="False" />
                <line number="125" hits="8" branch="False" />
                <line number="126" hits="8" branch="False" />
                <line number="128" hits="8" branch="False" />
                <line number="129" hits="8" branch="False" />
                <line number="132" hits="8" branch="False" />
                <line number="133" hits="8" branch="False" />
                <line number="134" hits="8" branch="False" />
                <line number="135" hits="8" branch="False" />
                <line number="136" hits="8" branch="False" />
                <line number="138" hits="8" branch="False" />
                <line number="139" hits="8" branch="False" />
              </lines>
            </method>
          </methods>
          <lines>
            <line number="13" hits="8" branch="False" />
            <line number="16" hits="8" branch="False" />
            <line number="17" hits="8" branch="False" />
            <line number="18" hits="8" branch="False" />
            <line number="19" hits="8" branch="False" />
            <line number="20" hits="8" branch="False" />
            <line number="21" hits="8" branch="False" />
            <line number="23" hits="8" branch="False" />
            <line number="26" hits="8" branch="False" />
            <line number="27" hits="8" branch="False" />
            <line number="28" hits="8" branch="False" />
            <line number="29" hits="8" branch="False" />
            <line number="30" hits="8" branch="False" />
            <line number="31" hits="8" branch="False" />
            <line number="32" hits="8" branch="False" />
            <line number="33" hits="8" branch="False" />
            <line number="34" hits="8" branch="False" />
            <line number="35" hits="8" branch="False" />
            <line number="36" hits="8" branch="False" />
            <line number="37" hits="8" branch="False" />
            <line number="38" hits="8" branch="False" />
            <line number="39" hits="8" branch="False" />
            <line number="40" hits="8" branch="False" />
            <line number="41" hits="8" branch="False" />
            <line number="42" hits="8" branch="False" />
            <line number="43" hits="8" branch="False" />
            <line number="44" hits="8" branch="False" />
            <line number="45" hits="8" branch="False" />
            <line number="46" hits="8" branch="False" />
            <line number="47" hits="8" branch="False" />
            <line number="48" hits="8" branch="False" />
            <line number="49" hits="8" branch="False" />
            <line number="50" hits="8" branch="False" />
            <line number="51" hits="8" branch="False" />
            <line number="52" hits="8" branch="False" />
            <line number="53" hits="8" branch="False" />
            <line number="54" hits="8" branch="False" />
            <line number="55" hits="8" branch="False" />
            <line number="56" hits="16" branch="False" />
            <line number="59" hits="8" branch="False" />
            <line number="60" hits="8" branch="False" />
            <line number="63" hits="8" branch="False" />
            <line number="64" hits="8" branch="False" />
            <line number="65" hits="8" branch="False" />
            <line number="66" hits="8" branch="False" />
            <line number="67" hits="8" branch="False" />
            <line number="68" hits="8" branch="False" />
            <line number="69" hits="8" branch="False" />
            <line number="70" hits="8" branch="False" />
            <line number="71" hits="8" branch="False" />
            <line number="72" hits="8" branch="False" />
            <line number="73" hits="8" branch="False" />
            <line number="74" hits="8" branch="False" />
            <line number="75" hits="8" branch="False" />
            <line number="76" hits="8" branch="False" />
            <line number="77" hits="16" branch="False" />
            <line number="79" hits="8" branch="False" />
            <line number="82" hits="8" branch="False" />
            <line number="83" hits="8" branch="False" />
            <line number="84" hits="8" branch="False" />
            <line number="85" hits="8" branch="False" />
            <line number="88" hits="8" branch="False" />
            <line number="89" hits="8" branch="False" />
            <line number="90" hits="8" branch="False" />
            <line number="91" hits="8" branch="False" />
            <line number="92" hits="8" branch="False" />
            <line number="93" hits="8" branch="False" />
            <line number="94" hits="8" branch="False" />
            <line number="95" hits="8" branch="False" />
            <line number="96" hits="16" branch="False" />
            <line number="97" hits="16" branch="False" />
            <line number="100" hits="8" branch="False" />
            <line number="101" hits="8" branch="False" />
            <line number="103" hits="8" branch="False" />
            <line number="106" hits="8" branch="True" condition-coverage="100% (2/2)">
              <conditions>
                <condition number="527" type="jump" coverage="100%" />
              </conditions>
            </line>
            <line number="107" hits="8" branch="False" />
            <line number="108" hits="8" branch="False" />
            <line number="109" hits="8" branch="False" />
            <line number="110" hits="8" branch="False" />
            <line number="111" hits="8" branch="False" />
            <line number="112" hits="8" branch="False" />
            <line number="113" hits="16" branch="False" />
            <line number="114" hits="8" branch="False" />
            <line number="116" hits="8" branch="False" />
            <line number="117" hits="8" branch="False" />
            <line number="120" hits="8" branch="False" />
            <line number="121" hits="8" branch="False" />
            <line number="122" hits="8" branch="False" />
            <line number="123" hits="8" branch="False" />
            <line number="125" hits="8" branch="False" />
            <line number="126" hits="8" branch="False" />
            <line number="128" hits="8" branch="False" />
            <line number="129" hits="8" branch="False" />
            <line number="132" hits="8" branch="False" />
            <line number="133" hits="8" branch="False" />
            <line number="134" hits="8" branch="False" />
            <line number="135" hits="8" branch="False" />
            <line number="136" hits="8" branch="False" />
            <line number="138" hits="8" branch="False" />
            <line number="139" hits="8" branch="False" />
          </lines>
        </class>
        <class name="GameCore.Api.Services.AuthService" filename="GameCore.Api/Services/AuthService.cs" line-rate="1" branch-rate="1" complexity="1">
          <methods>
            <method name=".ctor" signature="(GameCore.Domain.Interfaces.IUserRepository,GameCore.Domain.Interfaces.IUserWalletRepository,GameCore.Api.Services.JwtService,Microsoft.Extensions.Logging.ILogger`1&lt;GameCore.Api.Services.AuthService&gt;)" line-rate="1" branch-rate="1" complexity="1">
              <lines>
                <line number="17" hits="81" branch="False" />
                <line number="18" hits="81" branch="False" />
                <line number="19" hits="81" branch="False" />
                <line number="20" hits="81" branch="False" />
                <line number="21" hits="81" branch="False" />
                <line number="22" hits="81" branch="False" />
                <line number="23" hits="81" branch="False" />
                <line number="24" hits="81" branch="False" />
                <line number="25" hits="81" branch="False" />
                <line number="26" hits="81" branch="False" />
                <line number="27" hits="81" branch="False" />
              </lines>
            </method>
          </methods>
          <lines>
            <line number="17" hits="81" branch="False" />
            <line number="18" hits="81" branch="False" />
            <line number="19" hits="81" branch="False" />
            <line number="20" hits="81" branch="False" />
            <line number="21" hits="81" branch="False" />
            <line number="22" hits="81" branch="False" />
            <line number="23" hits="81" branch="False" />
            <line number="24" hits="81" branch="False" />
            <line number="25" hits="81" branch="False" />
            <line number="26" hits="81" branch="False" />
            <line number="27" hits="81" branch="False" />
          </lines>
        </class>
        <class name="GameCore.Api.Services.AuthService/&lt;GetUserProfileAsync&gt;d__7" filename="GameCore.Api/Services/AuthService.cs" line-rate="0.826" branch-rate="1" complexity="2">
          <methods>
            <method name="MoveNext" signature="()" line-rate="0.826" branch-rate="1" complexity="2">
              <lines>
                <line number="162" hits="3" branch="False" />
                <line number="163" hits="3" branch="False" />
                <line number="166" hits="3" branch="False" />
                <line number="167" hits="3" branch="False" />
                <line number="168" hits="3" branch="True" condition-coverage="100% (2/2)">
                  <conditions>
                    <condition number="227" type="jump" coverage="100%" />
                  </conditions>
                </line>
                <line number="169" hits="2" branch="False" />
                <line number="170" hits="2" branch="False" />
                <line number="171" hits="2" branch="False" />
                <line number="174" hits="1" branch="False" />
                <line number="176" hits="1" branch="False" />
                <line number="177" hits="1" branch="False" />
                <line number="178" hits="1" branch="False" />
                <line number="179" hits="1" branch="False" />
                <line number="180" hits="1" branch="False" />
                <line number="181" hits="1" branch="False" />
                <line number="182" hits="1" branch="False" />
                <line number="183" hits="1" branch="False" />
                <line number="184" hits="1" branch="False" />
                <line number="186" hits="0" branch="False" />
                <line number="187" hits="0" branch="False" />
                <line number="188" hits="0" branch="False" />
                <line number="189" hits="0" branch="False" />
                <line number="191" hits="3" branch="False" />
              </lines>
            </method>
          </methods>
          <lines>
            <line number="162" hits="3" branch="False" />
            <line number="163" hits="3" branch="False" />
            <line number="166" hits="3" branch="False" />
            <line number="167" hits="3" branch="False" />
            <line number="168" hits="3" branch="True" condition-coverage="100% (2/2)">
              <conditions>
                <condition number="227" type="jump" coverage="100%" />
              </conditions>
            </line>
            <line number="169" hits="2" branch="False" />
            <line number="170" hits="2" branch="False" />
            <line number="171" hits="2" branch="False" />
            <line number="174" hits="1" branch="False" />
            <line number="176" hits="1" branch="False" />
            <line number="177" hits="1" branch="False" />
            <line number="178" hits="1" branch="False" />
            <line number="179" hits="1" branch="False" />
            <line number="180" hits="1" branch="False" />
            <line number="181" hits="1" branch="False" />
            <line number="182" hits="1" branch="False" />
            <line number="183" hits="1" branch="False" />
            <line number="184" hits="1" branch="False" />
            <line number="186" hits="0" branch="False" />
            <line number="187" hits="0" branch="False" />
            <line number="188" hits="0" branch="False" />
            <line number="189" hits="0" branch="False" />
            <line number="191" hits="3" branch="False" />
          </lines>
        </class>
        <class name="GameCore.Api.Services.AuthService/&lt;LoginAsync&gt;d__6" filename="GameCore.Api/Services/AuthService.cs" line-rate="0.925" branch-rate="0.8332999999999999" complexity="6">
          <methods>
            <method name="MoveNext" signature="()" line-rate="0.925" branch-rate="0.8332999999999999" complexity="6">
              <lines>
                <line number="100" hits="7" branch="False" />
                <line number="101" hits="7" branch="False" />
                <line number="104" hits="7" branch="False" />
                <line number="106" hits="7" branch="False" />
                <line number="107" hits="6" branch="True" condition-coverage="100% (2/2)">
                  <conditions>
                    <condition number="241" type="jump" coverage="100%" />
                  </conditions>
                </line>
                <line number="108" hits="3" branch="False" />
                <line number="109" hits="3" branch="False" />
                <line number="110" hits="3" branch="False" />
                <line number="114" hits="3" branch="True" condition-coverage="50% (1/2)">
                  <conditions>
                    <condition number="343" type="jump" coverage="50%" />
                  </conditions>
                </line>
                <line number="115" hits="0" branch="False" />
                <line number="116" hits="0" branch="False" />
                <line number="117" hits="0" branch="False" />
                <line number="121" hits="3" branch="True" condition-coverage="100% (2/2)">
                  <conditions>
                    <condition number="432" type="jump" coverage="100%" />
                  </conditions>
                </line>
                <line number="122" hits="1" branch="False" />
                <line number="123" hits="1" branch="False" />
                <line number="124" hits="1" branch="False" />
                <line number="128" hits="2" branch="False" />
                <line number="129" hits="2" branch="False" />
                <line number="132" hits="2" branch="False" />
                <line number="135" hits="2" branch="False" />
                <line number="137" hits="2" branch="False" />
                <line number="139" hits="2" branch="False" />
                <line number="140" hits="2" branch="False" />
                <line number="141" hits="2" branch="False" />
                <line number="142" hits="2" branch="False" />
                <line number="143" hits="2" branch="False" />
                <line number="144" hits="2" branch="False" />
                <line number="145" hits="2" branch="False" />
                <line number="146" hits="2" branch="False" />
                <line number="147" hits="2" branch="False" />
                <line number="148" hits="2" branch="False" />
                <line number="149" hits="2" branch="False" />
                <line number="150" hits="2" branch="False" />
                <line number="151" hits="2" branch="False" />
                <line number="152" hits="2" branch="False" />
                <line number="154" hits="1" branch="False" />
                <line number="155" hits="1" branch="False" />
                <line number="156" hits="1" branch="False" />
                <line number="157" hits="1" branch="False" />
                <line number="159" hits="7" branch="False" />
              </lines>
            </method>
          </methods>
          <lines>
            <line number="100" hits="7" branch="False" />
            <line number="101" hits="7" branch="False" />
            <line number="104" hits="7" branch="False" />
            <line number="106" hits="7" branch="False" />
            <line number="107" hits="6" branch="True" condition-coverage="100% (2/2)">
              <conditions>
                <condition number="241" type="jump" coverage="100%" />
              </conditions>
            </line>
            <line number="108" hits="3" branch="False" />
            <line number="109" hits="3" branch="False" />
            <line number="110" hits="3" branch="False" />
            <line number="114" hits="3" branch="True" condition-coverage="50% (1/2)">
              <conditions>
                <condition number="343" type="jump" coverage="50%" />
              </conditions>
            </line>
            <line number="115" hits="0" branch="False" />
            <line number="116" hits="0" branch="False" />
            <line number="117" hits="0" branch="False" />
            <line number="121" hits="3" branch="True" condition-coverage="100% (2/2)">
              <conditions>
                <condition number="432" type="jump" coverage="100%" />
              </conditions>
            </line>
            <line number="122" hits="1" branch="False" />
            <line number="123" hits="1" branch="False" />
            <line number="124" hits="1" branch="False" />
            <line number="128" hits="2" branch="False" />
            <line number="129" hits="2" branch="False" />
            <line number="132" hits="2" branch="False" />
            <line number="135" hits="2" branch="False" />
            <line number="137" hits="2" branch="False" />
            <line number="139" hits="2" branch="False" />
            <line number="140" hits="2" branch="False" />
            <line number="141" hits="2" branch="False" />
            <line number="142" hits="2" branch="False" />
            <line number="143" hits="2" branch="False" />
            <line number="144" hits="2" branch="False" />
            <line number="145" hits="2" branch="False" />
            <line number="146" hits="2" branch="False" />
            <line number="147" hits="2" branch="False" />
            <line number="148" hits="2" branch="False" />
            <line number="149" hits="2" branch="False" />
            <line number="150" hits="2" branch="False" />
            <line number="151" hits="2" branch="False" />
            <line number="152" hits="2" branch="False" />
            <line number="154" hits="1" branch="False" />
            <line number="155" hits="1" branch="False" />
            <line number="156" hits="1" branch="False" />
            <line number="157" hits="1" branch="False" />
            <line number="159" hits="7" branch="False" />
          </lines>
        </class>
        <class name="GameCore.Api.Services.AuthService/&lt;RegisterAsync&gt;d__5" filename="GameCore.Api/Services/AuthService.cs" line-rate="1" branch-rate="1" complexity="4">
          <methods>
            <method name="MoveNext" signature="()" line-rate="1" branch-rate="1" complexity="4">
              <lines>
                <line number="30" hits="70" branch="False" />
                <line number="31" hits="70" branch="False" />
                <line number="34" hits="70" branch="False" />
                <line number="36" hits="70" branch="True" condition-coverage="100% (2/2)">
                  <conditions>
                    <condition number="222" type="jump" coverage="100%" />
                  </conditions>
                </line>
                <line number="37" hits="1" branch="False" />
                <line number="38" hits="1" branch="False" />
                <line number="39" hits="1" branch="False" />
                <line number="43" hits="68" branch="True" condition-coverage="100% (2/2)">
                  <conditions>
                    <condition number="424" type="jump" coverage="100%" />
                  </conditions>
                </line>
                <line number="44" hits="1" branch="False" />
                <line number="45" hits="1" branch="False" />
                <line number="46" hits="1" branch="False" />
                <line number="50" hits="67" branch="False" />
                <line number="51" hits="67" branch="False" />
                <line number="52" hits="67" branch="False" />
                <line number="53" hits="67" branch="False" />
                <line number="54" hits="67" branch="False" />
                <line number="55" hits="67" branch="False" />
                <line number="56" hits="67" branch="False" />
                <line number="57" hits="67" branch="False" />
                <line number="59" hits="67" branch="False" />
                <line number="62" hits="67" branch="False" />
                <line number="63" hits="67" branch="False" />
                <line number="64" hits="67" branch="False" />
                <line number="65" hits="67" branch="False" />
                <line number="66" hits="67" branch="False" />
                <line number="67" hits="67" branch="False" />
                <line number="68" hits="67" branch="False" />
                <line number="70" hits="67" branch="False" />
                <line number="73" hits="67" branch="False" />
                <line number="75" hits="67" branch="False" />
                <line number="77" hits="67" branch="False" />
                <line number="78" hits="67" branch="False" />
                <line number="79" hits="67" branch="False" />
                <line number="80" hits="67" branch="False" />
                <line number="81" hits="67" branch="False" />
                <line number="82" hits="67" branch="False" />
                <line number="83" hits="67" branch="False" />
                <line number="84" hits="67" branch="False" />
                <line number="85" hits="67" branch="False" />
                <line number="86" hits="67" branch="False" />
                <line number="87" hits="67" branch="False" />
                <line number="88" hits="67" branch="False" />
                <line number="89" hits="67" branch="False" />
                <line number="90" hits="67" branch="False" />
                <line number="92" hits="1" branch="False" />
                <line number="93" hits="1" branch="False" />
                <line number="94" hits="1" branch="False" />
                <line number="95" hits="1" branch="False" />
                <line number="97" hits="70" branch="False" />
              </lines>
            </method>
          </methods>
          <lines>
            <line number="30" hits="70" branch="False" />
            <line number="31" hits="70" branch="False" />
            <line number="34" hits="70" branch="False" />
            <line number="36" hits="70" branch="True" condition-coverage="100% (2/2)">
              <conditions>
                <condition number="222" type="jump" coverage="100%" />
              </conditions>
            </line>
            <line number="37" hits="1" branch="False" />
            <line number="38" hits="1" branch="False" />
            <line number="39" hits="1" branch="False" />
            <line number="43" hits="68" branch="True" condition-coverage="100% (2/2)">
              <conditions>
                <condition number="424" type="jump" coverage="100%" />
              </conditions>
            </line>
            <line number="44" hits="1" branch="False" />
            <line number="45" hits="1" branch="False" />
            <line number="46" hits="1" branch="False" />
            <line number="50" hits="67" branch="False" />
            <line number="51" hits="67" branch="False" />
            <line number="52" hits="67" branch="False" />
            <line number="53" hits="67" branch="False" />
            <line number="54" hits="67" branch="False" />
            <line number="55" hits="67" branch="False" />
            <line number="56" hits="67" branch="False" />
            <line number="57" hits="67" branch="False" />
            <line number="59" hits="67" branch="False" />
            <line number="62" hits="67" branch="False" />
            <line number="63" hits="67" branch="False" />
            <line number="64" hits="67" branch="False" />
            <line number="65" hits="67" branch="False" />
            <line number="66" hits="67" branch="False" />
            <line number="67" hits="67" branch="False" />
            <line number="68" hits="67" branch="False" />
            <line number="70" hits="67" branch="False" />
            <line number="73" hits="67" branch="False" />
            <line number="75" hits="67" branch="False" />
            <line number="77" hits="67" branch="False" />
            <line number="78" hits="67" branch="False" />
            <line number="79" hits="67" branch="False" />
            <line number="80" hits="67" branch="False" />
            <line number="81" hits="67" branch="False" />
            <line number="82" hits="67" branch="False" />
            <line number="83" hits="67" branch="False" />
            <line number="84" hits="67" branch="False" />
            <line number="85" hits="67" branch="False" />
            <line number="86" hits="67" branch="False" />
            <line number="87" hits="67" branch="False" />
            <line number="88" hits="67" branch="False" />
            <line number="89" hits="67" branch="False" />
            <line number="90" hits="67" branch="False" />
            <line number="92" hits="1" branch="False" />
            <line number="93" hits="1" branch="False" />
            <line number="94" hits="1" branch="False" />
            <line number="95" hits="1" branch="False" />
            <line number="97" hits="70" branch="False" />
          </lines>
        </class>
        <class name="GameCore.Api.Services.JwtService" filename="GameCore.Api/Services/JwtService.cs" line-rate="1" branch-rate="1" complexity="3">
          <methods>
            <method name="GenerateToken" signature="(System.Int32,System.String,System.String)" line-rate="1" branch-rate="1" complexity="1">
              <lines>
                <line number="19" hits="80" branch="False" />
                <line number="20" hits="80" branch="False" />
                <line number="21" hits="80" branch="False" />
                <line number="23" hits="80" branch="False" />
                <line number="24" hits="80" branch="False" />
                <line number="25" hits="80" branch="False" />
                <line number="26" hits="80" branch="False" />
                <line number="27" hits="80" branch="False" />
                <line number="28" hits="80" branch="False" />
                <line number="29" hits="80" branch="False" />
                <line number="31" hits="80" branch="False" />
                <line number="32" hits="80" branch="False" />
                <line number="33" hits="80" branch="False" />
                <line number="34" hits="80" branch="False" />
                <line number="35" hits="80" branch="False" />
                <line number="36" hits="80" branch="False" />
                <line number="37" hits="80" branch="False" />
                <line number="39" hits="80" branch="False" />
                <line number="40" hits="80" branch="False" />
              </lines>
            </method>
            <method name="ValidateToken" signature="(System.String)" line-rate="1" branch-rate="1" complexity="1">
              <lines>
                <line number="43" hits="6" branch="False" />
                <line number="44" hits="6" branch="False" />
                <line number="45" hits="6" branch="False" />
                <line number="48" hits="6" branch="False" />
                <line number="49" hits="6" branch="False" />
                <line number="50" hits="6" branch="False" />
                <line number="51" hits="6" branch="False" />
                <line number="52" hits="6" branch="False" />
                <line number="53" hits="6" branch="False" />
                <line number="54" hits="6" branch="False" />
                <line number="55" hits="6" branch="False" />
                <line number="56" hits="6" branch="False" />
                <line number="57" hits="6" branch="False" />
                <line number="58" hits="6" branch="False" />
                <line number="59" hits="6" branch="False" />
                <line number="61" hits="3" branch="False" />
                <line number="63" hits="3" branch="False" />
                <line number="64" hits="3" branch="False" />
                <line number="65" hits="3" branch="False" />
                <line number="67" hits="6" branch="False" />
              </lines>
            </method>
            <method name=".ctor" signature="(Microsoft.Extensions.Configuration.IConfiguration)" line-rate="1" branch-rate="1" complexity="1">
              <lines>
                <line number="13" hits="93" branch="False" />
                <line number="14" hits="93" branch="False" />
                <line number="15" hits="93" branch="False" />
                <line number="16" hits="93" branch="False" />
              </lines>
            </method>
          </methods>
          <lines>
            <line number="19" hits="80" branch="False" />
            <line number="20" hits="80" branch="False" />
            <line number="21" hits="80" branch="False" />
            <line number="23" hits="80" branch="False" />
            <line number="24" hits="80" branch="False" />
            <line number="25" hits="80" branch="False" />
            <line number="26" hits="80" branch="False" />
            <line number="27" hits="80" branch="False" />
            <line number="28" hits="80" branch="False" />
            <line number="29" hits="80" branch="False" />
            <line number="31" hits="80" branch="False" />
            <line number="32" hits="80" branch="False" />
            <line number="33" hits="80" branch="False" />
            <line number="34" hits="80" branch="False" />
            <line number="35" hits="80" branch="False" />
            <line number="36" hits="80" branch="False" />
            <line number="37" hits="80" branch="False" />
            <line number="39" hits="80" branch="False" />
            <line number="40" hits="80" branch="False" />
            <line number="43" hits="6" branch="False" />
            <line number="44" hits="6" branch="False" />
            <line number="45" hits="6" branch="False" />
            <line number="48" hits="6" branch="False" />
            <line number="49" hits="6" branch="False" />
            <line number="50" hits="6" branch="False" />
            <line number="51" hits="6" branch="False" />
            <line number="52" hits="6" branch="False" />
            <line number="53" hits="6" branch="False" />
            <line number="54" hits="6" branch="False" />
            <line number="55" hits="6" branch="False" />
            <line number="56" hits="6" branch="False" />
            <line number="57" hits="6" branch="False" />
            <line number="58" hits="6" branch="False" />
            <line number="59" hits="6" branch="False" />
            <line number="61" hits="3" branch="False" />
            <line number="63" hits="3" branch="False" />
            <line number="64" hits="3" branch="False" />
            <line number="65" hits="3" branch="False" />
            <line number="67" hits="6" branch="False" />
            <line number="13" hits="93" branch="False" />
            <line number="14" hits="93" branch="False" />
            <line number="15" hits="93" branch="False" />
            <line number="16" hits="93" branch="False" />
          </lines>
        </class>
        <class name="GameCore.Api.Middleware.CorrelationIdMiddleware" filename="GameCore.Api/Middleware/CorrelationIdMiddleware.cs" line-rate="0.7272" branch-rate="0.6" complexity="11">
          <methods>
            <method name="GetOrCreateCorrelationId" signature="(Microsoft.AspNetCore.Http.HttpContext)" line-rate="0.6666" branch-rate="0.5" complexity="2">
              <lines>
                <line number="55" hits="75" branch="False" />
                <line number="57" hits="75" branch="True" condition-coverage="50% (1/2)">
                  <conditions>
                    <condition number="26" type="jump" coverage="50%" />
                  </conditions>
                </line>
                <line number="58" hits="0" branch="False" />
                <line number="59" hits="0" branch="False" />
                <line number="63" hits="75" branch="False" />
                <line number="64" hits="75" branch="False" />
              </lines>
            </method>
            <method name="GetClientIpAddress" signature="(Microsoft.AspNetCore.Http.HttpContext)" line-rate="0.6363" branch-rate="0.625" complexity="8">
              <lines>
                <line number="67" hits="75" branch="False" />
                <line number="68" hits="75" branch="False" />
                <line number="69" hits="75" branch="True" condition-coverage="50% (1/2)">
                  <conditions>
                    <condition number="44" type="jump" coverage="50%" />
                  </conditions>
                </line>
                <line number="70" hits="0" branch="False" />
                <line number="71" hits="0" branch="False" />
                <line number="74" hits="75" branch="False" />
                <line number="75" hits="75" branch="True" condition-coverage="50% (1/2)">
                  <conditions>
                    <condition number="111" type="jump" coverage="50%" />
                  </conditions>
                </line>
                <line number="76" hits="0" branch="False" />
                <line number="77" hits="0" branch="False" />
                <line number="80" hits="75" branch="True" condition-coverage="75% (3/4)">
                  <conditions>
                    <condition number="130" type="jump" coverage="50%" />
                    <condition number="142" type="jump" coverage="100%" />
                  </conditions>
                </line>
                <line number="81" hits="75" branch="False" />
              </lines>
            </method>
            <method name=".ctor" signature="(Microsoft.AspNetCore.Http.RequestDelegate,Microsoft.Extensions.Logging.ILogger`1&lt;GameCore.Api.Middleware.CorrelationIdMiddleware&gt;)" line-rate="1" branch-rate="1" complexity="1">
              <lines>
                <line number="12" hits="8" branch="False" />
                <line number="13" hits="8" branch="False" />
                <line number="14" hits="8" branch="False" />
                <line number="15" hits="8" branch="False" />
                <line number="16" hits="8" branch="False" />
              </lines>
            </method>
          </methods>
          <lines>
            <line number="55" hits="75" branch="False" />
            <line number="57" hits="75" branch="True" condition-coverage="50% (1/2)">
              <conditions>
                <condition number="26" type="jump" coverage="50%" />
              </conditions>
            </line>
            <line number="58" hits="0" branch="False" />
            <line number="59" hits="0" branch="False" />
            <line number="63" hits="75" branch="False" />
            <line number="64" hits="75" branch="False" />
            <line number="67" hits="75" branch="False" />
            <line number="68" hits="75" branch="False" />
            <line number="69" hits="75" branch="True" condition-coverage="50% (1/2)">
              <conditions>
                <condition number="44" type="jump" coverage="50%" />
              </conditions>
            </line>
            <line number="70" hits="0" branch="False" />
            <line number="71" hits="0" branch="False" />
            <line number="74" hits="75" branch="False" />
            <line number="75" hits="75" branch="True" condition-coverage="50% (1/2)">
              <conditions>
                <condition number="111" type="jump" coverage="50%" />
              </conditions>
            </line>
            <line number="76" hits="0" branch="False" />
            <line number="77" hits="0" branch="False" />
            <line number="80" hits="75" branch="True" condition-coverage="75% (3/4)">
              <conditions>
                <condition number="130" type="jump" coverage="50%" />
                <condition number="142" type="jump" coverage="100%" />
              </conditions>
            </line>
            <line number="81" hits="75" branch="False" />
            <line number="12" hits="8" branch="False" />
            <line number="13" hits="8" branch="False" />
            <line number="14" hits="8" branch="False" />
            <line number="15" hits="8" branch="False" />
            <line number="16" hits="8" branch="False" />
          </lines>
        </class>
        <class name="GameCore.Api.Middleware.CorrelationIdMiddleware/&lt;InvokeAsync&gt;d__4" filename="GameCore.Api/Middleware/CorrelationIdMiddleware.cs" line-rate="1" branch-rate="1" complexity="1">
          <methods>
            <method name="MoveNext" signature="()" line-rate="1" branch-rate="1" complexity="1">
              <lines>
                <line number="19" hits="75" branch="False" />
                <line number="20" hits="75" branch="False" />
                <line number="23" hits="75" branch="False" />
                <line number="26" hits="75" branch="False" />
                <line number="29" hits="75" branch="False" />
                <line number="30" hits="75" branch="False" />
                <line number="31" hits="75" branch="False" />
                <line number="32" hits="75" branch="False" />
                <line number="33" hits="75" branch="False" />
                <line number="34" hits="75" branch="False" />
                <line number="35" hits="75" branch="False" />
                <line number="38" hits="75" branch="False" />
                <line number="39" hits="75" branch="False" />
                <line number="40" hits="75" branch="False" />
                <line number="42" hits="75" branch="False" />
                <line number="44" hits="75" branch="False" />
                <line number="45" hits="75" branch="False" />
                <line number="46" hits="75" branch="False" />
                <line number="47" hits="75" branch="False" />
                <line number="48" hits="75" branch="False" />
                <line number="49" hits="75" branch="False" />
                <line number="50" hits="75" branch="False" />
                <line number="51" hits="75" branch="False" />
                <line number="52" hits="75" branch="False" />
              </lines>
            </method>
          </methods>
          <lines>
            <line number="19" hits="75" branch="False" />
            <line number="20" hits="75" branch="False" />
            <line number="23" hits="75" branch="False" />
            <line number="26" hits="75" branch="False" />
            <line number="29" hits="75" branch="False" />
            <line number="30" hits="75" branch="False" />
            <line number="31" hits="75" branch="False" />
            <line number="32" hits="75" branch="False" />
            <line number="33" hits="75" branch="False" />
            <line number="34" hits="75" branch="False" />
            <line number="35" hits="75" branch="False" />
            <line number="38" hits="75" branch="False" />
            <line number="39" hits="75" branch="False" />
            <line number="40" hits="75" branch="False" />
            <line number="42" hits="75" branch="False" />
            <line number="44" hits="75" branch="False" />
            <line number="45" hits="75" branch="False" />
            <line number="46" hits="75" branch="False" />
            <line number="47" hits="75" branch="False" />
            <line number="48" hits="75" branch="False" />
            <line number="49" hits="75" branch="False" />
            <line number="50" hits="75" branch="False" />
            <line number="51" hits="75" branch="False" />
            <line number="52" hits="75" branch="False" />
          </lines>
        </class>
        <class name="GameCore.Api.Middleware.CorrelationIdExtensions" filename="GameCore.Api/Middleware/CorrelationIdMiddleware.cs" line-rate="0" branch-rate="0" complexity="2">
          <methods>
            <method name="GetCorrelationId" signature="(Microsoft.AspNetCore.Http.HttpContext)" line-rate="0" branch-rate="0" complexity="2">
              <lines>
                <line number="90" hits="0" branch="False" />
                <line number="91" hits="0" branch="True" condition-coverage="0% (0/2)">
                  <conditions>
                    <condition number="18" type="jump" coverage="0%" />
                  </conditions>
                </line>
                <line number="92" hits="0" branch="False" />
              </lines>
            </method>
          </methods>
          <lines>
            <line number="90" hits="0" branch="False" />
            <line number="91" hits="0" branch="True" condition-coverage="0% (0/2)">
              <conditions>
                <condition number="18" type="jump" coverage="0%" />
              </conditions>
            </line>
            <line number="92" hits="0" branch="False" />
          </lines>
        </class>
[...]
                  </conditions>
                </line>
                <line number="154" hits="0" branch="False" />
                <line number="155" hits="0" branch="False" />
                <line number="156" hits="0" branch="False" />
                <line number="159" hits="1" branch="False" />
                <line number="160" hits="1" branch="True" condition-coverage="50% (1/2)">
                  <conditions>
                    <condition number="360" type="jump" coverage="50%" />
                  </conditions>
                </line>
                <line number="161" hits="1" branch="False" />
                <line number="162" hits="1" branch="False" />
                <line number="163" hits="1" branch="False" />
                <line number="166" hits="0" branch="False" />
                <line number="167" hits="0" branch="False" />
                <line number="168" hits="0" branch="False" />
                <line number="169" hits="0" branch="False" />
                <line number="170" hits="0" branch="False" />
                <line number="171" hits="0" branch="False" />
                <line number="172" hits="0" branch="False" />
                <line number="173" hits="0" branch="False" />
                <line number="174" hits="0" branch="False" />
                <line number="176" hits="0" branch="False" />
                <line number="177" hits="0" branch="False" />
                <line number="178" hits="1" branch="False" />
              </lines>
            </method>
          </methods>
          <lines>
            <line number="148" hits="1" branch="False" />
            <line number="149" hits="1" branch="False" />
            <line number="150" hits="1" branch="False" />
            <line number="152" hits="1" branch="False" />
            <line number="153" hits="1" branch="True" condition-coverage="50% (2/4)">
              <conditions>
                <condition number="110" type="jump" coverage="50%" />
                <condition number="142" type="jump" coverage="50%" />
              </conditions>
            </line>
            <line number="154" hits="0" branch="False" />
            <line number="155" hits="0" branch="False" />
            <line number="156" hits="0" branch="False" />
            <line number="159" hits="1" branch="False" />
            <line number="160" hits="1" branch="True" condition-coverage="50% (1/2)">
              <conditions>
                <condition number="360" type="jump" coverage="50%" />
              </conditions>
            </line>
            <line number="161" hits="1" branch="False" />
            <line number="162" hits="1" branch="False" />
            <line number="163" hits="1" branch="False" />
            <line number="166" hits="0" branch="False" />
            <line number="167" hits="0" branch="False" />
            <line number="168" hits="0" branch="False" />
            <line number="169" hits="0" branch="False" />
            <line number="170" hits="0" branch="False" />
            <line number="171" hits="0" branch="False" />
            <line number="172" hits="0" branch="False" />
            <line number="173" hits="0" branch="False" />
            <line number="174" hits="0" branch="False" />
            <line number="176" hits="0" branch="False" />
            <line number="177" hits="0" branch="False" />
            <line number="178" hits="1" branch="False" />
          </lines>
        </class>
        <class name="GameCore.Api.Controllers.AuthController/&lt;Login&gt;d__4" filename="GameCore.Api/Controllers/AuthController.cs" line-rate="0.303" branch-rate="0.5" complexity="4">
          <methods>
            <method name="MoveNext" signature="()" line-rate="0.303" branch-rate="0.5" complexity="4">
              <lines>
                <line number="92" hits="2" branch="False" />
                <line number="93" hits="2" branch="False" />
                <line number="94" hits="2" branch="False" />
                <line number="96" hits="2" branch="True" condition-coverage="50% (1/2)">
                  <conditions>
                    <condition number="98" type="jump" coverage="50%" />
                  </conditions>
                </line>
                <line number="97" hits="0" branch="False" />
                <line number="98" hits="0" branch="False" />
                <line number="101" hits="0" branch="False" />
                <line number="103" hits="0" branch="False" />
                <line number="105" hits="0" branch="False" />
                <line number="108" hits="2" branch="False" />
                <line number="110" hits="2" branch="True" condition-coverage="50% (1/2)">
                  <conditions>
                    <condition number="465" type="jump" coverage="50%" />
                  </conditions>
                </line>
                <line number="111" hits="0" branch="False" />
                <line number="112" hits="0" branch="False" />
                <line number="113" hits="0" branch="False" />
                <line number="114" hits="0" branch="False" />
                <line number="115" hits="0" branch="False" />
                <line number="116" hits="0" branch="False" />
                <line number="117" hits="0" branch="False" />
                <line number="118" hits="0" branch="False" />
                <line number="119" hits="0" branch="False" />
                <line number="120" hits="0" branch="False" />
                <line number="121" hits="0" branch="False" />
                <line number="122" hits="0" branch="False" />
                <line number="123" hits="0" branch="False" />
                <line number="124" hits="0" branch="False" />
                <line number="125" hits="0" branch="False" />
                <line number="126" hits="0" branch="False" />
                <line number="128" hits="0" branch="False" />
                <line number="129" hits="0" branch="False" />
                <line number="132" hits="2" branch="False" />
                <line number="133" hits="2" branch="False" />
                <line number="134" hits="2" branch="False" />
                <line number="135" hits="2" branch="False" />
              </lines>
            </method>
          </methods>
          <lines>
            <line number="92" hits="2" branch="False" />
            <line number="93" hits="2" branch="False" />
            <line number="94" hits="2" branch="False" />
            <line number="96" hits="2" branch="True" condition-coverage="50% (1/2)">
              <conditions>
                <condition number="98" type="jump" coverage="50%" />
              </conditions>
            </line>
            <line number="97" hits="0" branch="False" />
            <line number="98" hits="0" branch="False" />
            <line number="101" hits="0" branch="False" />
            <line number="103" hits="0" branch="False" />
            <line number="105" hits="0" branch="False" />
            <line number="108" hits="2" branch="False" />
            <line number="110" hits="2" branch="True" condition-coverage="50% (1/2)">
              <conditions>
                <condition number="465" type="jump" coverage="50%" />
              </conditions>
            </line>
            <line number="111" hits="0" branch="False" />
            <line number="112" hits="0" branch="False" />
            <line number="113" hits="0" branch="False" />
            <line number="114" hits="0" branch="False" />
            <line number="115" hits="0" branch="False" />
            <line number="116" hits="0" branch="False" />
            <line number="117" hits="0" branch="False" />
            <line number="118" hits="0" branch="False" />
            <line number="119" hits="0" branch="False" />
            <line number="120" hits="0" branch="False" />
            <line number="121" hits="0" branch="False" />
            <line number="122" hits="0" branch="False" />
            <line number="123" hits="0" branch="False" />
            <line number="124" hits="0" branch="False" />
            <line number="125" hits="0" branch="False" />
            <line number="126" hits="0" branch="False" />
            <line number="128" hits="0" branch="False" />
            <line number="129" hits="0" branch="False" />
            <line number="132" hits="2" branch="False" />
            <line number="133" hits="2" branch="False" />
            <line number="134" hits="2" branch="False" />
            <line number="135" hits="2" branch="False" />
          </lines>
        </class>
        <class name="GameCore.Api.Controllers.AuthController/&lt;Register&gt;d__3" filename="GameCore.Api/Controllers/AuthController.cs" line-rate="0.7575" branch-rate="0.5" complexity="4">
          <methods>
            <method name="MoveNext" signature="()" line-rate="0.7575" branch-rate="0.5" complexity="4">
              <lines>
                <line number="36" hits="65" branch="False" />
                <line number="37" hits="65" branch="False" />
                <line number="38" hits="65" branch="False" />
                <line number="40" hits="65" branch="True" condition-coverage="50% (1/2)">
                  <conditions>
                    <condition number="98" type="jump" coverage="50%" />
                  </conditions>
                </line>
                <line number="41" hits="0" branch="False" />
                <line number="42" hits="0" branch="False" />
                <line number="45" hits="0" branch="False" />
                <line number="47" hits="0" branch="False" />
                <line number="49" hits="0" branch="False" />
                <line number="52" hits="65" branch="False" />
                <line number="54" hits="65" branch="True" condition-coverage="50% (1/2)">
                  <conditions>
                    <condition number="476" type="jump" coverage="50%" />
                  </conditions>
                </line>
                <line number="55" hits="65" branch="False" />
                <line number="56" hits="65" branch="False" />
                <line number="57" hits="65" branch="False" />
                <line number="58" hits="65" branch="False" />
                <line number="59" hits="65" branch="False" />
                <line number="60" hits="65" branch="False" />
                <line number="61" hits="65" branch="False" />
                <line number="62" hits="65" branch="False" />
                <line number="63" hits="65" branch="False" />
                <line number="64" hits="65" branch="False" />
                <line number="65" hits="65" branch="False" />
                <line number="66" hits="65" branch="False" />
                <line number="67" hits="65" branch="False" />
                <line number="68" hits="65" branch="False" />
                <line number="69" hits="65" branch="False" />
                <line number="70" hits="65" branch="False" />
                <line number="72" hits="65" branch="False" />
                <line number="73" hits="65" branch="False" />
                <line number="76" hits="0" branch="False" />
                <line number="77" hits="0" branch="False" />
                <line number="78" hits="0" branch="False" />
                <line number="79" hits="65" branch="False" />
              </lines>
            </method>
          </methods>
          <lines>
            <line number="36" hits="65" branch="False" />
            <line number="37" hits="65" branch="False" />
            <line number="38" hits="65" branch="False" />
            <line number="40" hits="65" branch="True" condition-coverage="50% (1/2)">
              <conditions>
                <condition number="98" type="jump" coverage="50%" />
              </conditions>
            </line>
            <line number="41" hits="0" branch="False" />
            <line number="42" hits="0" branch="False" />
            <line number="45" hits="0" branch="False" />
            <line number="47" hits="0" branch="False" />
            <line number="49" hits="0" branch="False" />
            <line number="52" hits="65" branch="False" />
            <line number="54" hits="65" branch="True" condition-coverage="50% (1/2)">
              <conditions>
                <condition number="476" type="jump" coverage="50%" />
              </conditions>
            </line>
            <line number="55" hits="65" branch="False" />
            <line number="56" hits="65" branch="False" />
            <line number="57" hits="65" branch="False" />
            <line number="58" hits="65" branch="False" />
            <line number="59" hits="65" branch="False" />
            <line number="60" hits="65" branch="False" />
            <line number="61" hits="65" branch="False" />
            <line number="62" hits="65" branch="False" />
            <line number="63" hits="65" branch="False" />
            <line number="64" hits="65" branch="False" />
            <line number="65" hits="65" branch="False" />
            <line number="66" hits="65" branch="False" />
            <line number="67" hits="65" branch="False" />
            <line number="68" hits="65" branch="False" />
            <line number="69" hits="65" branch="False" />
            <line number="70" hits="65" branch="False" />
            <line number="72" hits="65" branch="False" />
            <line number="73" hits="65" branch="False" />
            <line number="76" hits="0" branch="False" />
            <line number="77" hits="0" branch="False" />
            <line number="78" hits="0" branch="False" />
            <line number="79" hits="65" branch="False" />
          </lines>
        </class>
        <class name="GameCore.Api.Controllers.HealthController" filename="GameCore.Api/Controllers/HealthController.cs" line-rate="1" branch-rate="1" complexity="3">
          <methods>
            <method name="Get" signature="()" line-rate="1" branch-rate="1" complexity="2">
              <lines>
                <line number="18" hits="1" branch="False" />
                <line number="19" hits="1" branch="False" />
                <line number="21" hits="1" branch="True" condition-coverage="100% (2/2)">
                  <conditions>
                    <condition number="50" type="jump" coverage="100%" />
                  </conditions>
                </line>
                <line number="22" hits="1" branch="False" />
                <line number="23" hits="1" branch="False" />
                <line number="24" hits="1" branch="False" />
                <line number="25" hits="1" branch="False" />
                <line number="26" hits="1" branch="False" />
                <line number="27" hits="1" branch="False" />
                <line number="28" hits="1" branch="False" />
              </lines>
            </method>
            <method name=".ctor" signature="(Microsoft.Extensions.Logging.ILogger`1&lt;GameCore.Api.Controllers.HealthController&gt;)" line-rate="1" branch-rate="1" complexity="1">
              <lines>
                <line number="11" hits="2" branch="False" />
                <line number="12" hits="2" branch="False" />
                <line number="13" hits="2" branch="False" />
                <line number="14" hits="2" branch="False" />
              </lines>
            </method>
          </methods>
          <lines>
            <line number="18" hits="1" branch="False" />
            <line number="19" hits="1" branch="False" />
            <line number="21" hits="1" branch="True" condition-coverage="100% (2/2)">
              <conditions>
                <condition number="50" type="jump" coverage="100%" />
              </conditions>
            </line>
            <line number="22" hits="1" branch="False" />
            <line number="23" hits="1" branch="False" />
            <line number="24" hits="1" branch="False" />
            <line number="25" hits="1" branch="False" />
            <line number="26" hits="1" branch="False" />
            <line number="27" hits="1" branch="False" />
            <line number="28" hits="1" branch="False" />
            <line number="11" hits="2" branch="False" />
            <line number="12" hits="2" branch="False" />
            <line number="13" hits="2" branch="False" />
            <line number="14" hits="2" branch="False" />
          </lines>
        </class>
        <class name="GameCore.Api.Controllers.HealthController/&lt;GetDetailed&gt;d__3" filename="GameCore.Api/Controllers/HealthController.cs" line-rate="1" branch-rate="1" complexity="2">
          <methods>
            <method name="MoveNext" signature="()" line-rate="1" branch-rate="1" complexity="2">
              <lines>
                <line number="32" hits="1" branch="False" />
                <line number="33" hits="1" branch="True" condition-coverage="100% (2/2)">
                  <conditions>
                    <condition number="35" type="jump" coverage="100%" />
                  </conditions>
                </line>
                <line number="34" hits="1" branch="False" />
                <line number="35" hits="1" branch="False" />
                <line number="36" hits="1" branch="False" />
                <line number="37" hits="1" branch="False" />
                <line number="38" hits="1" branch="False" />
                <line number="39" hits="1" branch="False" />
                <line number="40" hits="1" branch="False" />
                <line number="41" hits="1" branch="False" />
                <line number="42" hits="1" branch="False" />
                <line number="43" hits="1" branch="False" />
                <line number="44" hits="1" branch="False" />
                <line number="45" hits="1" branch="False" />
                <line number="46" hits="1" branch="False" />
                <line number="47" hits="1" branch="False" />
                <line number="48" hits="1" branch="False" />
                <line number="49" hits="1" branch="False" />
                <line number="50" hits="1" branch="False" />
                <line number="51" hits="1" branch="False" />
                <line number="53" hits="1" branch="False" />
                <line number="54" hits="1" branch="False" />
              </lines>
            </method>
          </methods>
          <lines>
            <line number="32" hits="1" branch="False" />
            <line number="33" hits="1" branch="True" condition-coverage="100% (2/2)">
              <conditions>
                <condition number="35" type="jump" coverage="100%" />
              </conditions>
            </line>
            <line number="34" hits="1" branch="False" />
            <line number="35" hits="1" branch="False" />
            <line number="36" hits="1" branch="False" />
            <line number="37" hits="1" branch="False" />
            <line number="38" hits="1" branch="False" />
            <line number="39" hits="1" branch="False" />
            <line number="40" hits="1" branch="False" />
            <line number="41" hits="1" branch="False" />
            <line number="42" hits="1" branch="False" />
            <line number="43" hits="1" branch="False" />
            <line number="44" hits="1" branch="False" />
            <line number="45" hits="1" branch="False" />
            <line number="46" hits="1" branch="False" />
            <line number="47" hits="1" branch="False" />
            <line number="48" hits="1" branch="False" />
            <line number="49" hits="1" branch="False" />
            <line number="50" hits="1" branch="False" />
            <line number="51" hits="1" branch="False" />
            <line number="53" hits="1" branch="False" />
            <line number="54" hits="1" branch="False" />
          </lines>
        </class>
      </classes>
    </package>
    <package name="GameCore.Shared" line-rate="1" branch-rate="1" complexity="0">
      <classes />
    </package>
  </packages>
</coverage>